mobile/isp_android/app/build/intermediates/manifest_merge_blame_file/release/processReleaseMainManifest/manifest-merger-blame-release-report.txt
1<?xml version="1.0" encoding="utf-8"?>
2<manifest xmlns:android="http://schemas.android.com/apk/res/android"
3    package="com.ispplatform.app"
4    android:versionCode="1"
5    android:versionName="1.0.0" >
6
7    <uses-sdk
8        android:minSdkVersion="24"
9        android:targetSdkVersion="35" />
10
11    <uses-permission android:name="android.permission.INTERNET" />
11-->src/main/AndroidManifest.xml:4:5-67
11-->src/main/AndroidManifest.xml:4:22-64
12    <uses-permission android:name="android.permission.ACCESS_NETWORK_STATE" />
12-->src/main/AndroidManifest.xml:5:5-79
12-->src/main/AndroidManifest.xml:5:22-76
13
14    <permission
14-->[androidx.core:core:1.15.0] AndroidManifest.xml:22:5-24:47
15        android:name="com.ispplatform.app.DYNAMIC_RECEIVER_NOT_EXPORTED_PERMISSION"
15-->[androidx.core:core:1.15.0] AndroidManifest.xml:23:9-81
16        android:protectionLevel="signature" />
16-->[androidx.core:core:1.15.0] AndroidManifest.xml:24:9-44
17
18    <uses-permission android:name="com.ispplatform.app.DYNAMIC_RECEIVER_NOT_EXPORTED_PERMISSION" />
18-->[androidx.core:core:1.15.0] AndroidManifest.xml:26:5-97
18-->[androidx.core:core:1.15.0] AndroidManifest.xml:26:22-94
19
20    <application
20-->src/main/AndroidManifest.xml:7:5-36:19
21        android:name="com.ispplatform.app.IspApplication"
21-->src/main/AndroidManifest.xml:8:9-39
22        android:allowBackup="true"
22-->src/main/AndroidManifest.xml:9:9-35
23        android:appComponentFactory="androidx.core.app.CoreComponentFactory"
23-->[androidx.core:core:1.15.0] AndroidManifest.xml:28:18-86
24        android:extractNativeLibs="false"
25        android:icon="@drawable/ic_launcher_foreground"
25-->src/main/AndroidManifest.xml:10:9-56
26        android:label="@string/app_name"
26-->src/main/AndroidManifest.xml:11:9-41
27        android:roundIcon="@drawable/ic_launcher_foreground"
27-->src/main/AndroidManifest.xml:12:9-61
28        android:supportsRtl="false"
28-->src/main/AndroidManifest.xml:13:9-36
29        android:theme="@style/Theme.IspManagement"
29-->src/main/AndroidManifest.xml:14:9-51
30        android:usesCleartextTraffic="false" >
30-->src/main/AndroidManifest.xml:15:9-45
31        <activity
31-->src/main/AndroidManifest.xml:16:9-24:20
32            android:name="com.ispplatform.app.ui.auth.LoginActivity"
32-->src/main/AndroidManifest.xml:17:13-50
33            android:exported="true"
33-->src/main/AndroidManifest.xml:18:13-36
34            android:theme="@style/Theme.IspManagement" >
34-->src/main/AndroidManifest.xml:19:13-55
35            <intent-filter>
35-->src/main/AndroidManifest.xml:20:13-23:29
36                <action android:name="android.intent.action.MAIN" />
36-->src/main/AndroidManifest.xml:21:17-69
36-->src/main/AndroidManifest.xml:21:25-66
37
38                <category android:name="android.intent.category.LAUNCHER" />
38-->src/main/AndroidManifest.xml:22:17-77
38-->src/main/AndroidManifest.xml:22:27-74
39            </intent-filter>
40        </activity>
41        <activity
41-->src/main/AndroidManifest.xml:25:9-91
42            android:name="com.ispplatform.app.ui.client.ClientMainActivity"
42-->src/main/AndroidManifest.xml:25:19-63
43            android:exported="false" />
43-->src/main/AndroidManifest.xml:25:64-88
44        <activity
44-->src/main/AndroidManifest.xml:26:9-89
45            android:name="com.ispplatform.app.ui.admin.AdminMainActivity"
45-->src/main/AndroidManifest.xml:26:19-61
46            android:exported="false" />
46-->src/main/AndroidManifest.xml:26:62-86
47        <activity
47-->src/main/AndroidManifest.xml:27:9-90
48            android:name="com.ispplatform.app.ui.client.ClientPayActivity"
48-->src/main/AndroidManifest.xml:27:19-62
49            android:exported="false" />
49-->src/main/AndroidManifest.xml:27:63-87
50        <activity
50-->src/main/AndroidManifest.xml:28:9-94
51            android:name="com.ispplatform.app.ui.client.ClientPackageActivity"
51-->src/main/AndroidManifest.xml:28:19-66
52            android:exported="false" />
52-->src/main/AndroidManifest.xml:28:67-91
53        <activity
53-->src/main/AndroidManifest.xml:29:9-95
54            android:name="com.ispplatform.app.ui.client.ClientPasswordActivity"
54-->src/main/AndroidManifest.xml:29:19-67
55            android:exported="false" />
55-->src/main/AndroidManifest.xml:29:68-92
56        <activity
56-->src/main/AndroidManifest.xml:30:9-93
57            android:name="com.ispplatform.app.ui.client.ClientTicketActivity"
57-->src/main/AndroidManifest.xml:30:19-65
58            android:exported="false" />
58-->src/main/AndroidManifest.xml:30:66-90
59        <activity
59-->src/main/AndroidManifest.xml:31:9-96
60            android:name="com.ispplatform.app.ui.admin.AdminBillReceiveActivity"
60-->src/main/AndroidManifest.xml:31:19-68
61            android:exported="false" />
61-->src/main/AndroidManifest.xml:31:69-93
62        <activity
62-->src/main/AndroidManifest.xml:32:9-95
63            android:name="com.ispplatform.app.ui.admin.AdminMonitoringActivity"
63-->src/main/AndroidManifest.xml:32:19-67
64            android:exported="false" />
64-->src/main/AndroidManifest.xml:32:68-92
65        <activity
65-->src/main/AndroidManifest.xml:33:9-92
66            android:name="com.ispplatform.app.ui.admin.AdminClientsActivity"
66-->src/main/AndroidManifest.xml:33:19-64
67            android:exported="false" />
67-->src/main/AndroidManifest.xml:33:65-89
68        <activity
68-->src/main/AndroidManifest.xml:34:9-97
69            android:name="com.ispplatform.app.ui.admin.AdminClientDetailActivity"
69-->src/main/AndroidManifest.xml:34:19-69
70            android:exported="false" />
70-->src/main/AndroidManifest.xml:34:70-94
71        <activity
71-->src/main/AndroidManifest.xml:35:9-93
72            android:name="com.ispplatform.app.ui.admin.AdminExpensesActivity"
72-->src/main/AndroidManifest.xml:35:19-65
73            android:exported="false" />
73-->src/main/AndroidManifest.xml:35:66-90
74
75        <provider
75-->[androidx.emoji2:emoji2:1.3.0] AndroidManifest.xml:24:9-32:20
76            android:name="androidx.startup.InitializationProvider"
76-->[androidx.emoji2:emoji2:1.3.0] AndroidManifest.xml:25:13-67
77            android:authorities="com.ispplatform.app.androidx-startup"
77-->[androidx.emoji2:emoji2:1.3.0] AndroidManifest.xml:26:13-68
78            android:exported="false" >
78-->[androidx.emoji2:emoji2:1.3.0] AndroidManifest.xml:27:13-37
79            <meta-data
79-->[androidx.emoji2:emoji2:1.3.0] AndroidManifest.xml:29:13-31:52
80                android:name="androidx.emoji2.text.EmojiCompatInitializer"
80-->[androidx.emoji2:emoji2:1.3.0] AndroidManifest.xml:30:17-75
81                android:value="androidx.startup" />
81-->[androidx.emoji2:emoji2:1.3.0] AndroidManifest.xml:31:17-49
82            <meta-data
82-->[androidx.lifecycle:lifecycle-process:2.8.7] AndroidManifest.xml:29:13-31:52
83                android:name="androidx.lifecycle.ProcessLifecycleInitializer"
83-->[androidx.lifecycle:lifecycle-process:2.8.7] AndroidManifest.xml:30:17-78
84                android:value="androidx.startup" />
84-->[androidx.lifecycle:lifecycle-process:2.8.7] AndroidManifest.xml:31:17-49
85            <meta-data
85-->[androidx.profileinstaller:profileinstaller:1.4.0] AndroidManifest.xml:29:13-31:52
86                android:name="androidx.profileinstaller.ProfileInstallerInitializer"
86-->[androidx.profileinstaller:profileinstaller:1.4.0] AndroidManifest.xml:30:17-85
87                android:value="androidx.startup" />
87-->[androidx.profileinstaller:profileinstaller:1.4.0] AndroidManifest.xml:31:17-49
88        </provider>
89
90        <uses-library
90-->[androidx.window:window:1.0.0] AndroidManifest.xml:25:9-27:40
91            android:name="androidx.window.extensions"
91-->[androidx.window:window:1.0.0] AndroidManifest.xml:26:13-54
92            android:required="false" />
92-->[androidx.window:window:1.0.0] AndroidManifest.xml:27:13-37
93        <uses-library
93-->[androidx.window:window:1.0.0] AndroidManifest.xml:28:9-30:40
94            android:name="androidx.window.sidecar"
94-->[androidx.window:window:1.0.0] AndroidManifest.xml:29:13-51
95            android:required="false" />
95-->[androidx.window:window:1.0.0] AndroidManifest.xml:30:13-37
96
97        <receiver
97-->[androidx.profileinstaller:profileinstaller:1.4.0] AndroidManifest.xml:34:9-52:20
98            android:name="androidx.profileinstaller.ProfileInstallReceiver"
98-->[androidx.profileinstaller:profileinstaller:1.4.0] AndroidManifest.xml:35:13-76
99            android:directBootAware="false"
99-->[androidx.profileinstaller:profileinstaller:1.4.0] AndroidManifest.xml:36:13-44
100            android:enabled="true"
100-->[androidx.profileinstaller:profileinstaller:1.4.0] AndroidManifest.xml:37:13-35
101            android:exported="true"
101-->[androidx.profileinstaller:profileinstaller:1.4.0] AndroidManifest.xml:38:13-36
102            android:permission="android.permission.DUMP" >
102-->[androidx.profileinstaller:profileinstaller:1.4.0] AndroidManifest.xml:39:13-57
103            <intent-filter>
103-->[androidx.profileinstaller:profileinstaller:1.4.0] AndroidManifest.xml:40:13-42:29
104                <action android:name="androidx.profileinstaller.action.INSTALL_PROFILE" />
104-->[androidx.profileinstaller:profileinstaller:1.4.0] AndroidManifest.xml:41:17-91
104-->[androidx.profileinstaller:profileinstaller:1.4.0] AndroidManifest.xml:41:25-88
105            </intent-filter>
106            <intent-filter>
106-->[androidx.profileinstaller:profileinstaller:1.4.0] AndroidManifest.xml:43:13-45:29
107                <action android:name="androidx.profileinstaller.action.SKIP_FILE" />
107-->[androidx.profileinstaller:profileinstaller:1.4.0] AndroidManifest.xml:44:17-85
107-->[androidx.profileinstaller:profileinstaller:1.4.0] AndroidManifest.xml:44:25-82
108            </intent-filter>
109            <intent-filter>
109-->[androidx.profileinstaller:profileinstaller:1.4.0] AndroidManifest.xml:46:13-48:29
110                <action android:name="androidx.profileinstaller.action.SAVE_PROFILE" />
110-->[androidx.profileinstaller:profileinstaller:1.4.0] AndroidManifest.xml:47:17-88
110-->[androidx.profileinstaller:profileinstaller:1.4.0] AndroidManifest.xml:47:25-85
111            </intent-filter>
112            <intent-filter>
112-->[androidx.profileinstaller:profileinstaller:1.4.0] AndroidManifest.xml:49:13-51:29
113                <action android:name="androidx.profileinstaller.action.BENCHMARK_OPERATION" />
113-->[androidx.profileinstaller:profileinstaller:1.4.0] AndroidManifest.xml:50:17-95
113-->[androidx.profileinstaller:profileinstaller:1.4.0] AndroidManifest.xml:50:25-92
114            </intent-filter>
115        </receiver>
116    </application>
117
118</manifest>